<?xml version="1.0" encoding="UTF-8"?>
<!-- Generated by org.testng.reporters.JUnitReportReporter -->
<testsuite skipped="0" hostname="MTLP-1600" name="com.common.function.library.TestBugzilla" tests="1" failures="0" timestamp="09 Apr 2021 10:08:52 GMT" time="5.486" errors="0">
  <testcase name="testGetID" time="5.486" classname="com.common.function.library.TestBugzilla"/>
</testsuite> <!-- com.common.function.library.TestBugzilla -->
