<?xml version="1.0" encoding="UTF-8"?>
<!-- Generated by org.testng.reporters.JUnitReportReporter -->
<testsuite skipped="0" hostname="MTLP-1600" name="DriverFactory.Apptest" tests="1" failures="0" timestamp="06 Apr 2021 13:29:24 GMT" time="19.748" errors="0">
  <testcase name="kickStart" time="19.748" classname="DriverFactory.Apptest"/>
</testsuite> <!-- DriverFactory.Apptest -->
