<?xml version="1.0" encoding="UTF-8"?>
<!-- Generated by org.testng.reporters.JUnitReportReporter -->
<testsuite skipped="0" hostname="MTLP-724" name="com.driver.factory.Apptest" tests="1" failures="0" timestamp="2021-04-19T15:21:03 IST" time="34.359" errors="0">
  <testcase name="kickStart" time="34.359" classname="com.driver.factory.Apptest"/>
  <system-out/>
</testsuite> <!-- com.driver.factory.Apptest -->
