<?xml version="1.0" encoding="UTF-8"?>
<!-- Generated by org.testng.reporters.JUnitReportReporter -->
<testsuite skipped="0" hostname="MTLP-1600" name="commonFunctionLibrary.TestBugzilla" tests="1" failures="0" timestamp="06 Apr 2021 13:29:24 GMT" time="5.196" errors="0">
  <testcase name="testGetID" time="5.196" classname="commonFunctionLibrary.TestBugzilla"/>
</testsuite> <!-- commonFunctionLibrary.TestBugzilla -->
